<?xml version="1.0" encoding="UTF-8"?>
<!-- Generated by org.testng.reporters.JUnitXMLReporter -->
<testsuite hostname="vendskp54" name="Default test" tests="7" failures="0" timestamp="25 Jul 2016 07:51:28 GMT" time="57.074" errors="0">
  <testcase name="searchByName" time="22.724" classname="orange_hrm_tests.Directory_Search"/>
  <testcase name="searchByTitle" time="5.407" classname="orange_hrm_tests.Directory_Search"/>
  <testcase name="searchByLocation" time="5.48" classname="orange_hrm_tests.Directory_Search"/>
  <testcase name="searchByNameTitle" time="5.462" classname="orange_hrm_tests.Directory_Search"/>
  <testcase name="searchByTitleLocation" time="4.662" classname="orange_hrm_tests.Directory_Search"/>
  <testcase name="searchByNameLocation" time="5.378" classname="orange_hrm_tests.Directory_Search"/>
  <testcase name="searchByNameTitleLocation" time="7.945" classname="orange_hrm_tests.Directory_Search"/>
</testsuite> <!-- Default test -->
