<?xml version="1.0" encoding="UTF-8"?>
<!-- Generated by org.testng.reporters.JUnitXMLReporter -->
<testsuite hostname="vendskp54" name="DirectoryTest" tests="7" failures="5" timestamp="25 Jul 2016 06:51:40 GMT" time="34.801" errors="0">
  <testcase name="searchByName" time="20.328" classname="orange_hrm_tests.Directory_Search"/>
  <testcase name="searchByTitle" time="2.03" classname="orange_hrm_tests.Directory_Search">
    <failure type="java.lang.ArrayIndexOutOfBoundsException" message="10">
      <![CDATA[java.lang.ArrayIndexOutOfBoundsException: 10
	at orange_hrm_methods.Directory_Page.verifyTitles(Directory_Page.java:153)
	at orange_hrm_tests.Directory_Search.searchByTitle(Directory_Search.java:35)
... Removed 24 stack frames]]>
    </failure>
  </testcase> <!-- searchByTitle -->
  <testcase name="searchByLocation" time="5.122" classname="orange_hrm_tests.Directory_Search"/>
  <testcase name="searchByNameTitle" time="1.94" classname="orange_hrm_tests.Directory_Search">
    <failure type="java.lang.ArrayIndexOutOfBoundsException" message="10">
      <![CDATA[java.lang.ArrayIndexOutOfBoundsException: 10
	at orange_hrm_methods.Directory_Page.verifyTitles(Directory_Page.java:153)
	at orange_hrm_tests.Directory_Search.searchByNameTitle(Directory_Search.java:45)
... Removed 24 stack frames]]>
    </failure>
  </testcase> <!-- searchByNameTitle -->
  <testcase name="searchByTitleLocation" time="1.756" classname="orange_hrm_tests.Directory_Search">
    <failure type="java.lang.ArrayIndexOutOfBoundsException" message="10">
      <![CDATA[java.lang.ArrayIndexOutOfBoundsException: 10
	at orange_hrm_methods.Directory_Page.verifyTitles(Directory_Page.java:153)
	at orange_hrm_tests.Directory_Search.searchByTitleLocation(Directory_Search.java:65)
... Removed 24 stack frames]]>
    </failure>
  </testcase> <!-- searchByTitleLocation -->
  <testcase name="searchByNameLocation" time="1.72" classname="orange_hrm_tests.Directory_Search">
    <failure type="java.lang.ArrayIndexOutOfBoundsException" message="10">
      <![CDATA[java.lang.ArrayIndexOutOfBoundsException: 10
	at orange_hrm_methods.Directory_Page.verifyTitles(Directory_Page.java:153)
	at orange_hrm_tests.Directory_Search.searchByNameLocation(Directory_Search.java:55)
... Removed 24 stack frames]]>
    </failure>
  </testcase> <!-- searchByNameLocation -->
  <testcase name="searchByNameTitleLocation" time="1.899" classname="orange_hrm_tests.Directory_Search">
    <failure type="java.lang.ArrayIndexOutOfBoundsException" message="10">
      <![CDATA[java.lang.ArrayIndexOutOfBoundsException: 10
	at orange_hrm_methods.Directory_Page.verifyTitles(Directory_Page.java:153)
	at orange_hrm_tests.Directory_Search.searchByNameTitleLocation(Directory_Search.java:74)
... Removed 24 stack frames]]>
    </failure>
  </testcase> <!-- searchByNameTitleLocation -->
</testsuite> <!-- DirectoryTest -->
