<?xml version="1.0" encoding="UTF-8"?>
<testng-results skipped="0" failed="0" total="1" passed="1">
  <reporter-output>
    <line>
      <![CDATA[Launched Successfully]]>
    </line>
    <line>
      <![CDATA[User Successfully Logged In]]>
    </line>
    <line>
      <![CDATA[Dashboard Is Verified.]]>
    </line>
    <line>
      <![CDATA[Quick Launch Is Verified.]]>
    </line>
    <line>
      <![CDATA[Employee Distribution by Subunit Is Verified.]]>
    </line>
    <line>
      <![CDATA[Legend Is Verified.]]>
    </line>
    <line>
      <![CDATA[Pending Leave Requests Is Verified.]]>
    </line>
    <line>
      <![CDATA[User Loggedout Successfully.]]>
    </line>
  </reporter-output>
  <suite name="Default suite" duration-ms="26817" started-at="2016-07-26T06:58:20Z" finished-at="2016-07-26T06:58:46Z">
    <groups>
    </groups>
    <test name="Default test" duration-ms="26817" started-at="2016-07-26T06:58:20Z" finished-at="2016-07-26T06:58:46Z">
      <class name="orange_hrm_tests.Dashboard_Legend_Verification">
        <test-method status="PASS" signature="legendVerification()[pri:0, instance:orange_hrm_tests.Dashboard_Legend_Verification@1def658]" name="legendVerification" duration-ms="26801" started-at="2016-07-26T12:28:20Z" finished-at="2016-07-26T12:28:46Z">
          <reporter-output>
            <line>
              <![CDATA[Launched Successfully]]>
            </line>
            <line>
              <![CDATA[User Successfully Logged In]]>
            </line>
            <line>
              <![CDATA[Dashboard Is Verified.]]>
            </line>
            <line>
              <![CDATA[Quick Launch Is Verified.]]>
            </line>
            <line>
              <![CDATA[Employee Distribution by Subunit Is Verified.]]>
            </line>
            <line>
              <![CDATA[Legend Is Verified.]]>
            </line>
            <line>
              <![CDATA[Pending Leave Requests Is Verified.]]>
            </line>
            <line>
              <![CDATA[User Loggedout Successfully.]]>
            </line>
          </reporter-output>
        </test-method> <!-- legendVerification -->
      </class> <!-- orange_hrm_tests.Dashboard_Legend_Verification -->
    </test> <!-- Default test -->
  </suite> <!-- Default suite -->
</testng-results>
